2026-03-18 20:30:14,287 - INFO - Iniciando pipeline
2026-03-18 20:30:14,287 - INFO - Fetching offset=0
2026-03-18 20:30:16,213 - INFO - Fetching offset=5000
2026-03-18 20:30:17,696 - INFO - Fetching offset=10000
2026-03-18 20:30:18,848 - INFO - Fin de paginación
2026-03-18 20:30:18,881 - INFO - Validando datos...
2026-03-18 20:30:18,900 - INFO - Validación OK
2026-03-18 20:30:19,233 - INFO - Pipeline completado
2026-03-18 22:52:08,722 - INFO - Iniciando pipeline
2026-03-18 22:52:08,890 - INFO - Fetching offset=0
2026-03-18 22:52:10,814 - INFO - Fetching offset=5000
2026-03-18 22:52:12,171 - INFO - Fetching offset=10000
2026-03-18 22:52:13,383 - INFO - Fin de paginación
2026-03-18 22:52:13,431 - INFO - Filtrando datos mayores a 2026-03-18
2026-03-18 22:52:13,437 - INFO - No hay datos nuevos
2026-03-18 22:57:09,895 - INFO - Iniciando pipeline
2026-03-18 22:57:09,895 - INFO - Fetching offset=0
2026-03-18 22:57:11,571 - INFO - Fetching offset=5000
2026-03-18 22:57:13,033 - INFO - Fetching offset=10000
2026-03-18 22:57:14,226 - INFO - Fin de paginación
2026-03-18 22:57:14,253 - INFO - Validando datos...
2026-03-18 22:57:14,270 - INFO - Validación OK
2026-03-18 22:57:14,311 - INFO - Pipeline completado
2026-03-18 22:58:42,741 - INFO - Iniciando pipeline
2026-03-18 22:58:42,787 - INFO - Fetching offset=0
2026-03-18 22:58:44,762 - INFO - Fetching offset=5000
2026-03-18 22:58:46,213 - INFO - Fetching offset=10000
2026-03-18 22:58:47,519 - INFO - Fin de paginación
2026-03-18 22:58:47,545 - INFO - Filtrando datos mayores a 2026-03-18
2026-03-18 22:58:47,547 - INFO - No hay datos nuevos
2026-03-18 22:59:45,123 - INFO - Iniciando pipeline
2026-03-18 22:59:45,165 - INFO - Fetching offset=0
2026-03-18 22:59:47,591 - INFO - Fetching offset=5000
2026-03-18 22:59:49,476 - INFO - Fetching offset=10000
2026-03-18 22:59:51,800 - INFO - Fin de paginación
2026-03-18 22:59:51,826 - INFO - Filtrando datos mayores a 2026-03-18
2026-03-18 22:59:51,828 - INFO - No hay datos nuevos
2026-03-18 23:06:29,522 - INFO - Iniciando pipeline
2026-03-18 23:06:29,575 - INFO - Fetching offset=0
2026-03-18 23:06:31,667 - INFO - Fetching offset=5000
2026-03-18 23:06:33,194 - INFO - Fetching offset=10000
2026-03-18 23:06:34,474 - INFO - Fin de paginación
2026-03-18 23:06:34,500 - INFO - Filtrando datos mayores a 2026-03-18
2026-03-18 23:06:34,502 - INFO - No hay datos nuevos
2026-03-18 23:09:13,665 - INFO - Iniciando pipeline
2026-03-18 23:09:13,666 - INFO - Fetching offset=0
2026-03-18 23:09:19,161 - INFO - Fetching offset=5000
2026-03-18 23:09:26,793 - INFO - Fetching offset=10000
2026-03-18 23:09:37,298 - WARNING - Intento 1 fallido: HTTPSConnectionPool(host='api.eia.gov', port=443): Read timed out. (read timeout=10)
2026-03-18 23:09:48,756 - INFO - Fin de paginación
2026-03-18 23:09:48,786 - INFO - Validando datos...
2026-03-18 23:09:48,789 - INFO - Validación OK
2026-03-18 23:09:48,838 - INFO - Pipeline completado
2026-03-18 23:10:49,797 - INFO - Iniciando pipeline
2026-03-18 23:10:49,856 - INFO - Fetching offset=0
2026-03-18 23:10:53,628 - INFO - Fetching offset=5000
2026-03-18 23:10:57,578 - INFO - Fetching offset=10000
2026-03-18 23:11:00,128 - INFO - Fin de paginación
2026-03-18 23:11:00,155 - INFO - Filtrando datos mayores a 2026-03-18 00:00:00
2026-03-18 23:11:00,156 - INFO - No hay datos nuevos
2026-03-19 10:18:13,933 - INFO - Iniciando pipeline
2026-03-19 10:18:15,347 - INFO - Fetching offset=0
2026-03-19 10:18:33,918 - INFO - Fetching offset=5000
2026-03-19 10:18:42,326 - INFO - Fetching offset=10000
2026-03-19 10:18:54,287 - WARNING - Intento 1 fallido: HTTPSConnectionPool(host='api.eia.gov', port=443): Read timed out. (read timeout=10)
2026-03-19 10:19:03,546 - INFO - Fin de paginación
2026-03-19 10:19:03,639 - INFO - Filtrando datos mayores a 2026-03-18 00:00:00
2026-03-19 10:19:03,644 - INFO - Validando datos...
2026-03-19 10:19:03,648 - INFO - Validación OK
2026-03-19 10:19:33,732 - INFO - Iniciando pipeline
2026-03-19 10:19:33,823 - INFO - Fetching offset=0
2026-03-19 10:19:43,596 - INFO - Fetching offset=5000
2026-03-19 10:19:49,021 - INFO - Fetching offset=10000
2026-03-19 10:19:53,599 - INFO - Fin de paginación
2026-03-19 10:19:53,657 - INFO - Filtrando datos mayores a 2026-03-19 00:00:00
2026-03-19 10:19:53,660 - INFO - No hay datos nuevos
2026-03-19 10:23:21,208 - INFO - Iniciando pipeline
2026-03-19 10:23:21,301 - INFO - Fetching offset=0
2026-03-19 10:23:36,304 - WARNING - Intento 1 fallido: HTTPSConnectionPool(host='api.eia.gov', port=443): Read timed out. (read timeout=10)
2026-03-19 10:23:48,193 - INFO - Fetching offset=5000
2026-03-19 10:23:54,844 - INFO - Fetching offset=10000
2026-03-19 10:23:59,349 - INFO - Fin de paginación
2026-03-19 10:23:59,434 - INFO - Filtrando datos mayores a 2026-03-19 00:00:00
2026-03-19 10:23:59,437 - INFO - No hay datos nuevos
2026-03-19 10:29:50,441 - INFO - Iniciando pipeline
2026-03-19 10:29:50,693 - INFO - Fetching offset=0
2026-03-19 10:29:50,715 - WARNING - Intento 1 fallido: HTTPSConnectionPool(host='api.eia.gov', port=443): Max retries exceeded with url: /v2/nuclear-outages/us-nuclear-outages/data/?api_key=HirhhkiVx27GFA6Y0Y8Z4xzvKeSfoi14DJ8QgnIR&data%5B0%5D=capacity&data%5B1%5D=outage&data%5B2%5D=percentOutage&length=5000&offset=0 (Caused by NameResolutionError("HTTPSConnection(host='api.eia.gov', port=443): Failed to resolve 'api.eia.gov' ([Errno 11001] getaddrinfo failed)"))
2026-03-19 10:29:52,722 - WARNING - Intento 2 fallido: HTTPSConnectionPool(host='api.eia.gov', port=443): Max retries exceeded with url: /v2/nuclear-outages/us-nuclear-outages/data/?api_key=HirhhkiVx27GFA6Y0Y8Z4xzvKeSfoi14DJ8QgnIR&data%5B0%5D=capacity&data%5B1%5D=outage&data%5B2%5D=percentOutage&length=5000&offset=0 (Caused by NameResolutionError("HTTPSConnection(host='api.eia.gov', port=443): Failed to resolve 'api.eia.gov' ([Errno 11001] getaddrinfo failed)"))
2026-03-19 10:30:44,488 - INFO - Iniciando pipeline
2026-03-19 10:30:44,848 - INFO - Fetching offset=0
2026-03-19 10:30:44,861 - WARNING - Intento 1 fallido: HTTPSConnectionPool(host='api.eia.gov', port=443): Max retries exceeded with url: /v2/nuclear-outages/us-nuclear-outages/data/?api_key=HirhhkiVx27GFA6Y0Y8Z4xzvKeSfoi14DJ8QgnIR&data%5B0%5D=capacity&data%5B1%5D=outage&data%5B2%5D=percentOutage&length=5000&offset=0 (Caused by NameResolutionError("HTTPSConnection(host='api.eia.gov', port=443): Failed to resolve 'api.eia.gov' ([Errno 11001] getaddrinfo failed)"))
2026-03-19 10:30:46,866 - WARNING - Intento 2 fallido: HTTPSConnectionPool(host='api.eia.gov', port=443): Max retries exceeded with url: /v2/nuclear-outages/us-nuclear-outages/data/?api_key=HirhhkiVx27GFA6Y0Y8Z4xzvKeSfoi14DJ8QgnIR&data%5B0%5D=capacity&data%5B1%5D=outage&data%5B2%5D=percentOutage&length=5000&offset=0 (Caused by NameResolutionError("HTTPSConnection(host='api.eia.gov', port=443): Failed to resolve 'api.eia.gov' ([Errno 11001] getaddrinfo failed)"))
2026-03-19 15:41:30,924 - INFO - Iniciando pipeline
2026-03-19 15:41:31,710 - INFO - Fetching offset=0
2026-03-19 15:41:34,442 - INFO - Fetching offset=5000
2026-03-19 15:41:35,800 - INFO - Fetching offset=10000
2026-03-19 15:41:37,470 - INFO - Fin de paginación
2026-03-19 15:41:37,518 - INFO - Filtrando datos mayores a 2026-03-19 00:00:00
2026-03-19 15:41:37,521 - INFO - No hay datos nuevos
